<?xml version="1.0" encoding="UTF-8"?>
<!-- Generated by org.testng.reporters.JUnitReportReporter -->
<testsuite hostname="LAPTOP-QO4129N1" failures="0" tests="1" name="testngpractice1.Ammu1" time="0.012" errors="0" timestamp="2024-03-07T10:03:19 IST" skipped="0">
  <testcase classname="testngpractice1.Ammu1" name="m1" time="0.012">
    <system-out>
      <![CDATA[hello]]>
    </system-out>
  </testcase> <!-- m1 -->
  <system-out>
    <![CDATA[hello]]>
  </system-out>
</testsuite> <!-- testngpractice1.Ammu1 -->
