<?xml version="1.0" encoding="UTF-8"?>
<!-- Generated by org.testng.reporters.JUnitReportReporter -->
<testsuite hostname="LAPTOP-QO4129N1" failures="0" tests="12" name="TestngKeywords.InvocationCount" time="0.013" errors="0" timestamp="2024-03-14T10:23:33 IST" skipped="0">
  <testcase classname="TestngKeywords.InvocationCount" name="demo" time="0.001">
    <system-out>
      <![CDATA[hello ammu]]>
    </system-out>
  </testcase> <!-- demo -->
  <testcase classname="TestngKeywords.InvocationCount" name="demo" time="0.000">
    <system-out>
      <![CDATA[hello ammu]]>
    </system-out>
  </testcase> <!-- demo -->
  <testcase classname="TestngKeywords.InvocationCount" name="demo" time="0.001">
    <system-out>
      <![CDATA[hello ammu]]>
    </system-out>
  </testcase> <!-- demo -->
  <testcase classname="TestngKeywords.InvocationCount" name="demo" time="0.001">
    <system-out>
      <![CDATA[hello ammu]]>
    </system-out>
  </testcase> <!-- demo -->
  <testcase classname="TestngKeywords.InvocationCount" name="demo" time="0.001">
    <system-out>
      <![CDATA[hello ammu]]>
    </system-out>
  </testcase> <!-- demo -->
  <testcase classname="TestngKeywords.InvocationCount" name="demo" time="0.001">
    <system-out>
      <![CDATA[hello ammu]]>
    </system-out>
  </testcase> <!-- demo -->
  <testcase classname="TestngKeywords.InvocationCount" name="demo" time="0.001">
    <system-out>
      <![CDATA[hello ammu]]>
    </system-out>
  </testcase> <!-- demo -->
  <testcase classname="TestngKeywords.InvocationCount" name="demo" time="0.001">
    <system-out>
      <![CDATA[hello ammu]]>
    </system-out>
  </testcase> <!-- demo -->
  <testcase classname="TestngKeywords.InvocationCount" name="demo" time="0.001">
    <system-out>
      <![CDATA[hello ammu]]>
    </system-out>
  </testcase> <!-- demo -->
  <testcase classname="TestngKeywords.InvocationCount" name="demo" time="0.002">
    <system-out>
      <![CDATA[hello ammu]]>
    </system-out>
  </testcase> <!-- demo -->
  <testcase classname="TestngKeywords.InvocationCount" name="demo" time="0.001">
    <system-out>
      <![CDATA[hello ammu]]>
    </system-out>
  </testcase> <!-- demo -->
  <testcase classname="TestngKeywords.InvocationCount" name="demo" time="0.002">
    <system-out>
      <![CDATA[hello ammu]]>
    </system-out>
  </testcase> <!-- demo -->
  <system-out>
    <![CDATA[login the app
logout the app
hello ammu
login the app
logout the applicagtion
hello ammu
hello ammu
hello ammu
hello ammu
hello ammu
hello ammu
hello ammu
hello ammu
hello ammu
hello ammu
hello ammu
hello ammu]]>
  </system-out>
</testsuite> <!-- TestngKeywords.InvocationCount -->
