<?xml version="1.0" encoding="UTF-8"?>
<!-- Generated by org.testng.reporters.JUnitReportReporter -->
<testsuite hostname="LAPTOP-QO4129N1" failures="0" tests="2" name="TestngKeywords.Priority" time="0.002" errors="0" timestamp="2024-03-14T10:23:33 IST" skipped="0">
  <testcase classname="TestngKeywords.Priority" name="login" time="0.001">
    <system-out>
      <![CDATA[login the app]]>
    </system-out>
  </testcase> <!-- login -->
  <testcase classname="TestngKeywords.Priority" name="logout" time="0.001">
    <system-out>
      <![CDATA[logout the applicagtion]]>
    </system-out>
  </testcase> <!-- logout -->
  <system-out>
    <![CDATA[login the app
logout the app
hello ammu
login the app
logout the applicagtion
hello ammu
hello ammu
hello ammu
hello ammu
hello ammu
hello ammu
hello ammu
hello ammu
hello ammu
hello ammu
hello ammu
hello ammu]]>
  </system-out>
</testsuite> <!-- TestngKeywords.Priority -->
