<?xml version="1.0" encoding="UTF-8"?>
<!-- Generated by org.testng.reporters.JUnitReportReporter -->
<testsuite hostname="LAPTOP-QO4129N1" failures="0" tests="1" name="parallelexecution.Parallel1" time="7.370" errors="0" timestamp="2024-03-12T11:13:19 IST" skipped="0">
  <testcase classname="parallelexecution.Parallel1" name="Tc1" time="7.370"/>
</testsuite> <!-- parallelexecution.Parallel1 -->
