<?xml version="1.0" encoding="UTF-8"?>
<!-- Generated by org.testng.reporters.JUnitReportReporter -->
<testsuite hostname="LAPTOP-QO4129N1" failures="0" tests="1" name="parallelexecution.Paralell2" time="9.560" errors="0" timestamp="2024-03-14T10:34:12 IST" skipped="0">
  <testcase classname="parallelexecution.Paralell2" name="Tc2" time="9.560"/>
</testsuite> <!-- parallelexecution.Paralell2 -->
